#! /c/Source/iverilog-install/bin/vvp
:ivl_version "12.0 (devel)" "(s20150603-1539-g2693dd32b)";
:ivl_delay_selection "TYPICAL";
:vpi_time_precision + 0;
:vpi_module "C:\iverilog\lib\ivl\system.vpi";
:vpi_module "C:\iverilog\lib\ivl\vhdl_sys.vpi";
:vpi_module "C:\iverilog\lib\ivl\vhdl_textio.vpi";
:vpi_module "C:\iverilog\lib\ivl\v2005_math.vpi";
:vpi_module "C:\iverilog\lib\ivl\va_math.vpi";
S_000001e918f4d9e0 .scope module, "LabL6" "LabL6" 2 1;
 .timescale 0 0;
v000001e918f09e10_0 .var "a", 31 0;
v000001e918f09370_0 .var "b", 31 0;
v000001e918f08010_0 .var "cin", 0 0;
v000001e918f09af0_0 .net "cout", 0 0, L_000001e918f50900;  1 drivers
v000001e918f09eb0_0 .var "expect", 31 0;
v000001e918f0a450_0 .net "z", 31 0, L_000001e918f07ed0;  1 drivers
S_000001e918f4db70 .scope module, "adder" "yAdder" 2 8, 3 1 0, S_000001e918f4d9e0;
 .timescale 0 0;
    .port_info 0 /OUTPUT 32 "z";
    .port_info 1 /OUTPUT 1 "cout";
    .port_info 2 /INPUT 32 "a";
    .port_info 3 /INPUT 32 "b";
    .port_info 4 /INPUT 1 "cin";
L_000001e918f165f0 .functor BUFZ 1, v000001e918f08010_0, C4<0>, C4<0>, C4<0>;
v000001e918f09a50_0 .net *"_ivl_101", 0 0, L_000001e918f165f0;  1 drivers
v000001e918f08fb0_0 .net *"_ivl_106", 30 0, L_000001e918f51b20;  1 drivers
v000001e918f095f0_0 .net "a", 31 0, v000001e918f09e10_0;  1 drivers
v000001e918f0a4f0_0 .net "b", 31 0, v000001e918f09370_0;  1 drivers
v000001e918f08bf0_0 .net "cin", 0 0, v000001e918f08010_0;  1 drivers
v000001e918f09230_0 .net "cout", 0 0, L_000001e918f50900;  alias, 1 drivers
v000001e918f08ab0_0 .net "in", 31 0, L_000001e918f51bc0;  1 drivers
v000001e918f08470_0 .net "out", 31 0, L_000001e918f09410;  1 drivers
v000001e918f09d70_0 .net "z", 31 0, L_000001e918f07ed0;  alias, 1 drivers
LS_000001e918f07ed0_0_0 .concat [ 1 1 1 1], L_000001e918f0d960, L_000001e918f0d030, L_000001e918f0d110, L_000001e918f0d0a0;
LS_000001e918f07ed0_0_4 .concat [ 1 1 1 1], L_000001e918f0d180, L_000001e918f0d650, L_000001e918f0cf50, L_000001e918f0f6e0;
LS_000001e918f07ed0_0_8 .concat [ 1 1 1 1], L_000001e918f0f0c0, L_000001e918f0fc90, L_000001e918f0f9f0, L_000001e918f0f3d0;
LS_000001e918f07ed0_0_12 .concat [ 1 1 1 1], L_000001e918f0f980, L_000001e918f0fd00, L_000001e918f11070, L_000001e918f11000;
LS_000001e918f07ed0_0_16 .concat [ 1 1 1 1], L_000001e918f11460, L_000001e918f11620, L_000001e918f115b0, L_000001e918f11230;
LS_000001e918f07ed0_0_20 .concat [ 1 1 1 1], L_000001e918f11cb0, L_000001e918f13100, L_000001e918f135d0, L_000001e918f13bf0;
LS_000001e918f07ed0_0_24 .concat [ 1 1 1 1], L_000001e918f12fb0, L_000001e918f13d40, L_000001e918f13e20, L_000001e918f138e0;
LS_000001e918f07ed0_0_28 .concat [ 1 1 1 1], L_000001e918f160b0, L_000001e918f17930, L_000001e918f179a0, L_000001e918f17770;
LS_000001e918f07ed0_1_0 .concat [ 4 4 4 4], LS_000001e918f07ed0_0_0, LS_000001e918f07ed0_0_4, LS_000001e918f07ed0_0_8, LS_000001e918f07ed0_0_12;
LS_000001e918f07ed0_1_4 .concat [ 4 4 4 4], LS_000001e918f07ed0_0_16, LS_000001e918f07ed0_0_20, LS_000001e918f07ed0_0_24, LS_000001e918f07ed0_0_28;
L_000001e918f07ed0 .concat [ 16 16 0 0], LS_000001e918f07ed0_1_0, LS_000001e918f07ed0_1_4;
LS_000001e918f09410_0_0 .concat [ 1 1 1 1], L_000001e918f0d9d0, L_000001e918f0d340, L_000001e918f0d810, L_000001e918f0d570;
LS_000001e918f09410_0_4 .concat [ 1 1 1 1], L_000001e918f0db20, L_000001e918f0cee0, L_000001e918f0d500, L_000001e918f0f2f0;
LS_000001e918f09410_0_8 .concat [ 1 1 1 1], L_000001e918f0f8a0, L_000001e918f0f210, L_000001e918f0f830, L_000001e918f0f440;
LS_000001e918f09410_0_12 .concat [ 1 1 1 1], L_000001e918f0fb40, L_000001e918f0ef70, L_000001e918f10f90, L_000001e918f11380;
LS_000001e918f09410_0_16 .concat [ 1 1 1 1], L_000001e918f11c40, L_000001e918f11d90, L_000001e918f11770, L_000001e918f11d20;
LS_000001e918f09410_0_20 .concat [ 1 1 1 1], L_000001e918f11e00, L_000001e918f13330, L_000001e918f139c0, L_000001e918f131e0;
LS_000001e918f09410_0_24 .concat [ 1 1 1 1], L_000001e918f13800, L_000001e918f13870, L_000001e918f136b0, L_000001e918f13020;
LS_000001e918f09410_0_28 .concat [ 1 1 1 1], L_000001e918f178c0, L_000001e918f16510, L_000001e918f164a0, L_000001e918f175b0;
LS_000001e918f09410_1_0 .concat [ 4 4 4 4], LS_000001e918f09410_0_0, LS_000001e918f09410_0_4, LS_000001e918f09410_0_8, LS_000001e918f09410_0_12;
LS_000001e918f09410_1_4 .concat [ 4 4 4 4], LS_000001e918f09410_0_16, LS_000001e918f09410_0_20, LS_000001e918f09410_0_24, LS_000001e918f09410_0_28;
L_000001e918f09410 .concat [ 16 16 0 0], LS_000001e918f09410_1_0, LS_000001e918f09410_1_4;
L_000001e918f09ff0 .part v000001e918f09e10_0, 0, 1;
L_000001e918f09b90 .part v000001e918f09e10_0, 1, 1;
L_000001e918f097d0 .part v000001e918f09e10_0, 2, 1;
L_000001e918f0a1d0 .part v000001e918f09e10_0, 3, 1;
L_000001e918f08970 .part v000001e918f09e10_0, 4, 1;
L_000001e918f09050 .part v000001e918f09e10_0, 5, 1;
L_000001e918f08150 .part v000001e918f09e10_0, 6, 1;
L_000001e918f08830 .part v000001e918f09e10_0, 7, 1;
L_000001e918f08650 .part v000001e918f09e10_0, 8, 1;
L_000001e918f09870 .part v000001e918f09e10_0, 9, 1;
L_000001e918f0a590 .part v000001e918f09e10_0, 10, 1;
L_000001e918f08510 .part v000001e918f09e10_0, 11, 1;
L_000001e918f086f0 .part v000001e918f09e10_0, 12, 1;
L_000001e918f08790 .part v000001e918f09e10_0, 13, 1;
L_000001e918f0a3b0 .part v000001e918f09e10_0, 14, 1;
L_000001e918f0a270 .part v000001e918f09e10_0, 15, 1;
L_000001e918f090f0 .part v000001e918f09e10_0, 16, 1;
L_000001e918f09550 .part v000001e918f09e10_0, 17, 1;
L_000001e918f07f70 .part v000001e918f09e10_0, 18, 1;
L_000001e918f09f50 .part v000001e918f09e10_0, 19, 1;
L_000001e918f08330 .part v000001e918f09e10_0, 20, 1;
L_000001e918f09690 .part v000001e918f09e10_0, 21, 1;
L_000001e918f0a310 .part v000001e918f09e10_0, 22, 1;
L_000001e918f080b0 .part v000001e918f09e10_0, 23, 1;
L_000001e918f0a630 .part v000001e918f09e10_0, 24, 1;
L_000001e918f08b50 .part v000001e918f09e10_0, 25, 1;
L_000001e918f08d30 .part v000001e918f09e10_0, 26, 1;
L_000001e918f085b0 .part v000001e918f09e10_0, 27, 1;
L_000001e918f08290 .part v000001e918f09e10_0, 28, 1;
L_000001e918f08e70 .part v000001e918f09e10_0, 29, 1;
L_000001e918f09190 .part v000001e918f09e10_0, 30, 1;
L_000001e918f094b0 .part v000001e918f09e10_0, 31, 1;
L_000001e918f09730 .part v000001e918f09370_0, 0, 1;
L_000001e918f09910 .part v000001e918f09370_0, 1, 1;
L_000001e918f099b0 .part v000001e918f09370_0, 2, 1;
L_000001e918f09c30 .part v000001e918f09370_0, 3, 1;
L_000001e918f0a090 .part v000001e918f09370_0, 4, 1;
L_000001e918f532e0 .part v000001e918f09370_0, 5, 1;
L_000001e918f52d40 .part v000001e918f09370_0, 6, 1;
L_000001e918f53e20 .part v000001e918f09370_0, 7, 1;
L_000001e918f53d80 .part v000001e918f09370_0, 8, 1;
L_000001e918f537e0 .part v000001e918f09370_0, 9, 1;
L_000001e918f53c40 .part v000001e918f09370_0, 10, 1;
L_000001e918f53600 .part v000001e918f09370_0, 11, 1;
L_000001e918f52ac0 .part v000001e918f09370_0, 12, 1;
L_000001e918f536a0 .part v000001e918f09370_0, 13, 1;
L_000001e918f53380 .part v000001e918f09370_0, 14, 1;
L_000001e918f52e80 .part v000001e918f09370_0, 15, 1;
L_000001e918f52a20 .part v000001e918f09370_0, 16, 1;
L_000001e918f53ec0 .part v000001e918f09370_0, 17, 1;
L_000001e918f53ce0 .part v000001e918f09370_0, 18, 1;
L_000001e918f53880 .part v000001e918f09370_0, 19, 1;
L_000001e918f53920 .part v000001e918f09370_0, 20, 1;
L_000001e918f52c00 .part v000001e918f09370_0, 21, 1;
L_000001e918f52de0 .part v000001e918f09370_0, 22, 1;
L_000001e918f53b00 .part v000001e918f09370_0, 23, 1;
L_000001e918f52f20 .part v000001e918f09370_0, 24, 1;
L_000001e918f52b60 .part v000001e918f09370_0, 25, 1;
L_000001e918f53a60 .part v000001e918f09370_0, 26, 1;
L_000001e918f52fc0 .part v000001e918f09370_0, 27, 1;
L_000001e918f53100 .part v000001e918f09370_0, 28, 1;
L_000001e918f53f60 .part v000001e918f09370_0, 29, 1;
L_000001e918f53060 .part v000001e918f09370_0, 30, 1;
L_000001e918f539c0 .part v000001e918f09370_0, 31, 1;
L_000001e918f52ca0 .part L_000001e918f51bc0, 0, 1;
L_000001e918f53560 .part L_000001e918f51bc0, 1, 1;
L_000001e918f531a0 .part L_000001e918f51bc0, 2, 1;
L_000001e918f53ba0 .part L_000001e918f51bc0, 3, 1;
L_000001e918f528e0 .part L_000001e918f51bc0, 4, 1;
L_000001e918f53240 .part L_000001e918f51bc0, 5, 1;
L_000001e918f52980 .part L_000001e918f51bc0, 6, 1;
L_000001e918f53420 .part L_000001e918f51bc0, 7, 1;
L_000001e918f534c0 .part L_000001e918f51bc0, 8, 1;
L_000001e918f53740 .part L_000001e918f51bc0, 9, 1;
L_000001e918f50cc0 .part L_000001e918f51bc0, 10, 1;
L_000001e918f50180 .part L_000001e918f51bc0, 11, 1;
L_000001e918f51d00 .part L_000001e918f51bc0, 12, 1;
L_000001e918f50540 .part L_000001e918f51bc0, 13, 1;
L_000001e918f504a0 .part L_000001e918f51bc0, 14, 1;
L_000001e918f51da0 .part L_000001e918f51bc0, 15, 1;
L_000001e918f518a0 .part L_000001e918f51bc0, 16, 1;
L_000001e918f50720 .part L_000001e918f51bc0, 17, 1;
L_000001e918f51440 .part L_000001e918f51bc0, 18, 1;
L_000001e918f50680 .part L_000001e918f51bc0, 19, 1;
L_000001e918f527a0 .part L_000001e918f51bc0, 20, 1;
L_000001e918f51940 .part L_000001e918f51bc0, 21, 1;
L_000001e918f52340 .part L_000001e918f51bc0, 22, 1;
L_000001e918f507c0 .part L_000001e918f51bc0, 23, 1;
L_000001e918f52840 .part L_000001e918f51bc0, 24, 1;
L_000001e918f50860 .part L_000001e918f51bc0, 25, 1;
L_000001e918f51e40 .part L_000001e918f51bc0, 26, 1;
L_000001e918f51ee0 .part L_000001e918f51bc0, 27, 1;
L_000001e918f50f40 .part L_000001e918f51bc0, 28, 1;
L_000001e918f50220 .part L_000001e918f51bc0, 29, 1;
L_000001e918f502c0 .part L_000001e918f51bc0, 30, 1;
L_000001e918f505e0 .part L_000001e918f51bc0, 31, 1;
L_000001e918f51bc0 .concat8 [ 1 31 0 0], L_000001e918f165f0, L_000001e918f51b20;
L_000001e918f51b20 .part L_000001e918f09410, 0, 31;
L_000001e918f50900 .part L_000001e918f09410, 31, 1;
S_000001e918f4e8d0 .scope module, "mine[0]" "yAdder1" 3 9, 4 1 0, S_000001e918f4db70;
 .timescale 0 0;
    .port_info 0 /OUTPUT 1 "z";
    .port_info 1 /OUTPUT 1 "cout";
    .port_info 2 /INPUT 1 "a";
    .port_info 3 /INPUT 1 "b";
    .port_info 4 /INPUT 1 "cin";
L_000001e918e96810 .functor XOR 1, L_000001e918f09ff0, L_000001e918f09730, C4<0>, C4<0>;
L_000001e918f0d960 .functor XOR 1, L_000001e918f52ca0, L_000001e918e96810, C4<0>, C4<0>;
L_000001e918f0dce0 .functor AND 1, L_000001e918f09ff0, L_000001e918f09730, C4<1>, C4<1>;
L_000001e918f0cfc0 .functor AND 1, L_000001e918e96810, L_000001e918f52ca0, C4<1>, C4<1>;
L_000001e918f0d9d0 .functor OR 1, L_000001e918f0cfc0, L_000001e918f0dce0, C4<0>, C4<0>;
v000001e918e9e880_0 .net "a", 0 0, L_000001e918f09ff0;  1 drivers
v000001e918e9eba0_0 .net "b", 0 0, L_000001e918f09730;  1 drivers
v000001e918e9e380_0 .net "cin", 0 0, L_000001e918f52ca0;  1 drivers
v000001e918e9cda0_0 .net "cout", 0 0, L_000001e918f0d9d0;  1 drivers
v000001e918e9d520_0 .net "lower1", 0 0, L_000001e918f0dce0;  1 drivers
v000001e918e9d660_0 .net "lower2", 0 0, L_000001e918f0cfc0;  1 drivers
v000001e918e9e1a0_0 .net "upper1", 0 0, L_000001e918e96810;  1 drivers
v000001e918e9e740_0 .net "z", 0 0, L_000001e918f0d960;  1 drivers
S_000001e918f4ea60 .scope module, "mine[1]" "yAdder1" 3 9, 4 1 0, S_000001e918f4db70;
 .timescale 0 0;
    .port_info 0 /OUTPUT 1 "z";
    .port_info 1 /OUTPUT 1 "cout";
    .port_info 2 /INPUT 1 "a";
    .port_info 3 /INPUT 1 "b";
    .port_info 4 /INPUT 1 "cin";
L_000001e918f0d730 .functor XOR 1, L_000001e918f09b90, L_000001e918f09910, C4<0>, C4<0>;
L_000001e918f0d030 .functor XOR 1, L_000001e918f53560, L_000001e918f0d730, C4<0>, C4<0>;
L_000001e918f0d880 .functor AND 1, L_000001e918f09b90, L_000001e918f09910, C4<1>, C4<1>;
L_000001e918f0dd50 .functor AND 1, L_000001e918f0d730, L_000001e918f53560, C4<1>, C4<1>;
L_000001e918f0d340 .functor OR 1, L_000001e918f0dd50, L_000001e918f0d880, C4<0>, C4<0>;
v000001e918e9dfc0_0 .net "a", 0 0, L_000001e918f09b90;  1 drivers
v000001e918e9e7e0_0 .net "b", 0 0, L_000001e918f09910;  1 drivers
v000001e918e9dac0_0 .net "cin", 0 0, L_000001e918f53560;  1 drivers
v000001e918e9ce40_0 .net "cout", 0 0, L_000001e918f0d340;  1 drivers
v000001e918e9db60_0 .net "lower1", 0 0, L_000001e918f0d880;  1 drivers
v000001e918e9e920_0 .net "lower2", 0 0, L_000001e918f0dd50;  1 drivers
v000001e918e9d8e0_0 .net "upper1", 0 0, L_000001e918f0d730;  1 drivers
v000001e918e9dca0_0 .net "z", 0 0, L_000001e918f0d030;  1 drivers
S_000001e918ef3a50 .scope module, "mine[2]" "yAdder1" 3 9, 4 1 0, S_000001e918f4db70;
 .timescale 0 0;
    .port_info 0 /OUTPUT 1 "z";
    .port_info 1 /OUTPUT 1 "cout";
    .port_info 2 /INPUT 1 "a";
    .port_info 3 /INPUT 1 "b";
    .port_info 4 /INPUT 1 "cin";
L_000001e918f0d1f0 .functor XOR 1, L_000001e918f097d0, L_000001e918f099b0, C4<0>, C4<0>;
L_000001e918f0d110 .functor XOR 1, L_000001e918f531a0, L_000001e918f0d1f0, C4<0>, C4<0>;
L_000001e918f0d2d0 .functor AND 1, L_000001e918f097d0, L_000001e918f099b0, C4<1>, C4<1>;
L_000001e918f0dc70 .functor AND 1, L_000001e918f0d1f0, L_000001e918f531a0, C4<1>, C4<1>;
L_000001e918f0d810 .functor OR 1, L_000001e918f0dc70, L_000001e918f0d2d0, C4<0>, C4<0>;
v000001e918e9e420_0 .net "a", 0 0, L_000001e918f097d0;  1 drivers
v000001e918e9e9c0_0 .net "b", 0 0, L_000001e918f099b0;  1 drivers
v000001e918e9dde0_0 .net "cin", 0 0, L_000001e918f531a0;  1 drivers
v000001e918e9d700_0 .net "cout", 0 0, L_000001e918f0d810;  1 drivers
v000001e918e9d7a0_0 .net "lower1", 0 0, L_000001e918f0d2d0;  1 drivers
v000001e918e9eb00_0 .net "lower2", 0 0, L_000001e918f0dc70;  1 drivers
v000001e918e9d980_0 .net "upper1", 0 0, L_000001e918f0d1f0;  1 drivers
v000001e918e9d840_0 .net "z", 0 0, L_000001e918f0d110;  1 drivers
S_000001e918ef3be0 .scope module, "mine[3]" "yAdder1" 3 9, 4 1 0, S_000001e918f4db70;
 .timescale 0 0;
    .port_info 0 /OUTPUT 1 "z";
    .port_info 1 /OUTPUT 1 "cout";
    .port_info 2 /INPUT 1 "a";
    .port_info 3 /INPUT 1 "b";
    .port_info 4 /INPUT 1 "cin";
L_000001e918f0d8f0 .functor XOR 1, L_000001e918f0a1d0, L_000001e918f09c30, C4<0>, C4<0>;
L_000001e918f0d0a0 .functor XOR 1, L_000001e918f53ba0, L_000001e918f0d8f0, C4<0>, C4<0>;
L_000001e918f0da40 .functor AND 1, L_000001e918f0a1d0, L_000001e918f09c30, C4<1>, C4<1>;
L_000001e918f0dab0 .functor AND 1, L_000001e918f0d8f0, L_000001e918f53ba0, C4<1>, C4<1>;
L_000001e918f0d570 .functor OR 1, L_000001e918f0dab0, L_000001e918f0da40, C4<0>, C4<0>;
v000001e918e9da20_0 .net "a", 0 0, L_000001e918f0a1d0;  1 drivers
v000001e918e9cd00_0 .net "b", 0 0, L_000001e918f09c30;  1 drivers
v000001e918e9e240_0 .net "cin", 0 0, L_000001e918f53ba0;  1 drivers
v000001e918e9cee0_0 .net "cout", 0 0, L_000001e918f0d570;  1 drivers
v000001e918e9e4c0_0 .net "lower1", 0 0, L_000001e918f0da40;  1 drivers
v000001e918e9e560_0 .net "lower2", 0 0, L_000001e918f0dab0;  1 drivers
v000001e918e9cf80_0 .net "upper1", 0 0, L_000001e918f0d8f0;  1 drivers
v000001e918e9d020_0 .net "z", 0 0, L_000001e918f0d0a0;  1 drivers
S_000001e918ea2040 .scope module, "mine[4]" "yAdder1" 3 9, 4 1 0, S_000001e918f4db70;
 .timescale 0 0;
    .port_info 0 /OUTPUT 1 "z";
    .port_info 1 /OUTPUT 1 "cout";
    .port_info 2 /INPUT 1 "a";
    .port_info 3 /INPUT 1 "b";
    .port_info 4 /INPUT 1 "cin";
L_000001e918f0d6c0 .functor XOR 1, L_000001e918f08970, L_000001e918f0a090, C4<0>, C4<0>;
L_000001e918f0d180 .functor XOR 1, L_000001e918f528e0, L_000001e918f0d6c0, C4<0>, C4<0>;
L_000001e918f0d260 .functor AND 1, L_000001e918f08970, L_000001e918f0a090, C4<1>, C4<1>;
L_000001e918f0d3b0 .functor AND 1, L_000001e918f0d6c0, L_000001e918f528e0, C4<1>, C4<1>;
L_000001e918f0db20 .functor OR 1, L_000001e918f0d3b0, L_000001e918f0d260, C4<0>, C4<0>;
v000001e918e9de80_0 .net "a", 0 0, L_000001e918f08970;  1 drivers
v000001e918e9d160_0 .net "b", 0 0, L_000001e918f0a090;  1 drivers
v000001e918efd3b0_0 .net "cin", 0 0, L_000001e918f528e0;  1 drivers
v000001e918efc370_0 .net "cout", 0 0, L_000001e918f0db20;  1 drivers
v000001e918efc230_0 .net "lower1", 0 0, L_000001e918f0d260;  1 drivers
v000001e918efd630_0 .net "lower2", 0 0, L_000001e918f0d3b0;  1 drivers
v000001e918efdbd0_0 .net "upper1", 0 0, L_000001e918f0d6c0;  1 drivers
v000001e918efda90_0 .net "z", 0 0, L_000001e918f0d180;  1 drivers
S_000001e918ea21d0 .scope module, "mine[5]" "yAdder1" 3 9, 4 1 0, S_000001e918f4db70;
 .timescale 0 0;
    .port_info 0 /OUTPUT 1 "z";
    .port_info 1 /OUTPUT 1 "cout";
    .port_info 2 /INPUT 1 "a";
    .port_info 3 /INPUT 1 "b";
    .port_info 4 /INPUT 1 "cin";
L_000001e918f0db90 .functor XOR 1, L_000001e918f09050, L_000001e918f532e0, C4<0>, C4<0>;
L_000001e918f0d650 .functor XOR 1, L_000001e918f53240, L_000001e918f0db90, C4<0>, C4<0>;
L_000001e918f0ddc0 .functor AND 1, L_000001e918f09050, L_000001e918f532e0, C4<1>, C4<1>;
L_000001e918f0dc00 .functor AND 1, L_000001e918f0db90, L_000001e918f53240, C4<1>, C4<1>;
L_000001e918f0cee0 .functor OR 1, L_000001e918f0dc00, L_000001e918f0ddc0, C4<0>, C4<0>;
v000001e918efdc70_0 .net "a", 0 0, L_000001e918f09050;  1 drivers
v000001e918efc910_0 .net "b", 0 0, L_000001e918f532e0;  1 drivers
v000001e918efcf50_0 .net "cin", 0 0, L_000001e918f53240;  1 drivers
v000001e918efc690_0 .net "cout", 0 0, L_000001e918f0cee0;  1 drivers
v000001e918efbfb0_0 .net "lower1", 0 0, L_000001e918f0ddc0;  1 drivers
v000001e918efd590_0 .net "lower2", 0 0, L_000001e918f0dc00;  1 drivers
v000001e918efd6d0_0 .net "upper1", 0 0, L_000001e918f0db90;  1 drivers
v000001e918efd1d0_0 .net "z", 0 0, L_000001e918f0d650;  1 drivers
S_000001e918ea2360 .scope module, "mine[6]" "yAdder1" 3 9, 4 1 0, S_000001e918f4db70;
 .timescale 0 0;
    .port_info 0 /OUTPUT 1 "z";
    .port_info 1 /OUTPUT 1 "cout";
    .port_info 2 /INPUT 1 "a";
    .port_info 3 /INPUT 1 "b";
    .port_info 4 /INPUT 1 "cin";
L_000001e918f0d420 .functor XOR 1, L_000001e918f08150, L_000001e918f52d40, C4<0>, C4<0>;
L_000001e918f0cf50 .functor XOR 1, L_000001e918f52980, L_000001e918f0d420, C4<0>, C4<0>;
L_000001e918f0d5e0 .functor AND 1, L_000001e918f08150, L_000001e918f52d40, C4<1>, C4<1>;
L_000001e918f0d490 .functor AND 1, L_000001e918f0d420, L_000001e918f52980, C4<1>, C4<1>;
L_000001e918f0d500 .functor OR 1, L_000001e918f0d490, L_000001e918f0d5e0, C4<0>, C4<0>;
v000001e918efc050_0 .net "a", 0 0, L_000001e918f08150;  1 drivers
v000001e918efcc30_0 .net "b", 0 0, L_000001e918f52d40;  1 drivers
v000001e918efc410_0 .net "cin", 0 0, L_000001e918f52980;  1 drivers
v000001e918efd770_0 .net "cout", 0 0, L_000001e918f0d500;  1 drivers
v000001e918efd310_0 .net "lower1", 0 0, L_000001e918f0d5e0;  1 drivers
v000001e918efd270_0 .net "lower2", 0 0, L_000001e918f0d490;  1 drivers
v000001e918efbf10_0 .net "upper1", 0 0, L_000001e918f0d420;  1 drivers
v000001e918efcff0_0 .net "z", 0 0, L_000001e918f0cf50;  1 drivers
S_000001e918efdd90 .scope module, "mine[7]" "yAdder1" 3 9, 4 1 0, S_000001e918f4db70;
 .timescale 0 0;
    .port_info 0 /OUTPUT 1 "z";
    .port_info 1 /OUTPUT 1 "cout";
    .port_info 2 /INPUT 1 "a";
    .port_info 3 /INPUT 1 "b";
    .port_info 4 /INPUT 1 "cin";
L_000001e918f0d7a0 .functor XOR 1, L_000001e918f08830, L_000001e918f53e20, C4<0>, C4<0>;
L_000001e918f0f6e0 .functor XOR 1, L_000001e918f53420, L_000001e918f0d7a0, C4<0>, C4<0>;
L_000001e918f0f600 .functor AND 1, L_000001e918f08830, L_000001e918f53e20, C4<1>, C4<1>;
L_000001e918f0fc20 .functor AND 1, L_000001e918f0d7a0, L_000001e918f53420, C4<1>, C4<1>;
L_000001e918f0f2f0 .functor OR 1, L_000001e918f0fc20, L_000001e918f0f600, C4<0>, C4<0>;
v000001e918efc190_0 .net "a", 0 0, L_000001e918f08830;  1 drivers
v000001e918efd450_0 .net "b", 0 0, L_000001e918f53e20;  1 drivers
v000001e918efc4b0_0 .net "cin", 0 0, L_000001e918f53420;  1 drivers
v000001e918efc730_0 .net "cout", 0 0, L_000001e918f0f2f0;  1 drivers
v000001e918efd810_0 .net "lower1", 0 0, L_000001e918f0f600;  1 drivers
v000001e918efdb30_0 .net "lower2", 0 0, L_000001e918f0fc20;  1 drivers
v000001e918efd8b0_0 .net "upper1", 0 0, L_000001e918f0d7a0;  1 drivers
v000001e918efd090_0 .net "z", 0 0, L_000001e918f0f6e0;  1 drivers
S_000001e918efef30 .scope module, "mine[8]" "yAdder1" 3 9, 4 1 0, S_000001e918f4db70;
 .timescale 0 0;
    .port_info 0 /OUTPUT 1 "z";
    .port_info 1 /OUTPUT 1 "cout";
    .port_info 2 /INPUT 1 "a";
    .port_info 3 /INPUT 1 "b";
    .port_info 4 /INPUT 1 "cin";
L_000001e918f0f670 .functor XOR 1, L_000001e918f08650, L_000001e918f53d80, C4<0>, C4<0>;
L_000001e918f0f0c0 .functor XOR 1, L_000001e918f534c0, L_000001e918f0f670, C4<0>, C4<0>;
L_000001e918f0f520 .functor AND 1, L_000001e918f08650, L_000001e918f53d80, C4<1>, C4<1>;
L_000001e918f0ef00 .functor AND 1, L_000001e918f0f670, L_000001e918f534c0, C4<1>, C4<1>;
L_000001e918f0f8a0 .functor OR 1, L_000001e918f0ef00, L_000001e918f0f520, C4<0>, C4<0>;
v000001e918efc550_0 .net "a", 0 0, L_000001e918f08650;  1 drivers
v000001e918efc0f0_0 .net "b", 0 0, L_000001e918f53d80;  1 drivers
v000001e918efc2d0_0 .net "cin", 0 0, L_000001e918f534c0;  1 drivers
v000001e918efd950_0 .net "cout", 0 0, L_000001e918f0f8a0;  1 drivers
v000001e918efd9f0_0 .net "lower1", 0 0, L_000001e918f0f520;  1 drivers
v000001e918efbdd0_0 .net "lower2", 0 0, L_000001e918f0ef00;  1 drivers
v000001e918efc5f0_0 .net "upper1", 0 0, L_000001e918f0f670;  1 drivers
v000001e918efc7d0_0 .net "z", 0 0, L_000001e918f0f0c0;  1 drivers
S_000001e918eff0c0 .scope module, "mine[9]" "yAdder1" 3 9, 4 1 0, S_000001e918f4db70;
 .timescale 0 0;
    .port_info 0 /OUTPUT 1 "z";
    .port_info 1 /OUTPUT 1 "cout";
    .port_info 2 /INPUT 1 "a";
    .port_info 3 /INPUT 1 "b";
    .port_info 4 /INPUT 1 "cin";
L_000001e918f0f590 .functor XOR 1, L_000001e918f09870, L_000001e918f537e0, C4<0>, C4<0>;
L_000001e918f0fc90 .functor XOR 1, L_000001e918f53740, L_000001e918f0f590, C4<0>, C4<0>;
L_000001e918f0f280 .functor AND 1, L_000001e918f09870, L_000001e918f537e0, C4<1>, C4<1>;
L_000001e918f0f750 .functor AND 1, L_000001e918f0f590, L_000001e918f53740, C4<1>, C4<1>;
L_000001e918f0f210 .functor OR 1, L_000001e918f0f750, L_000001e918f0f280, C4<0>, C4<0>;
v000001e918efbe70_0 .net "a", 0 0, L_000001e918f09870;  1 drivers
v000001e918efcb90_0 .net "b", 0 0, L_000001e918f537e0;  1 drivers
v000001e918efc870_0 .net "cin", 0 0, L_000001e918f53740;  1 drivers
v000001e918efc9b0_0 .net "cout", 0 0, L_000001e918f0f210;  1 drivers
v000001e918efccd0_0 .net "lower1", 0 0, L_000001e918f0f280;  1 drivers
v000001e918efca50_0 .net "lower2", 0 0, L_000001e918f0f750;  1 drivers
v000001e918efd130_0 .net "upper1", 0 0, L_000001e918f0f590;  1 drivers
v000001e918efcaf0_0 .net "z", 0 0, L_000001e918f0fc90;  1 drivers
S_000001e918eff250 .scope module, "mine[10]" "yAdder1" 3 9, 4 1 0, S_000001e918f4db70;
 .timescale 0 0;
    .port_info 0 /OUTPUT 1 "z";
    .port_info 1 /OUTPUT 1 "cout";
    .port_info 2 /INPUT 1 "a";
    .port_info 3 /INPUT 1 "b";
    .port_info 4 /INPUT 1 "cin";
L_000001e918f0f7c0 .functor XOR 1, L_000001e918f0a590, L_000001e918f53c40, C4<0>, C4<0>;
L_000001e918f0f9f0 .functor XOR 1, L_000001e918f50cc0, L_000001e918f0f7c0, C4<0>, C4<0>;
L_000001e918f0fa60 .functor AND 1, L_000001e918f0a590, L_000001e918f53c40, C4<1>, C4<1>;
L_000001e918f0fd70 .functor AND 1, L_000001e918f0f7c0, L_000001e918f50cc0, C4<1>, C4<1>;
L_000001e918f0f830 .functor OR 1, L_000001e918f0fd70, L_000001e918f0fa60, C4<0>, C4<0>;
v000001e918efcd70_0 .net "a", 0 0, L_000001e918f0a590;  1 drivers
v000001e918efce10_0 .net "b", 0 0, L_000001e918f53c40;  1 drivers
v000001e918efceb0_0 .net "cin", 0 0, L_000001e918f50cc0;  1 drivers
v000001e918efd4f0_0 .net "cout", 0 0, L_000001e918f0f830;  1 drivers
v000001e918eff6b0_0 .net "lower1", 0 0, L_000001e918f0fa60;  1 drivers
v000001e918f00d30_0 .net "lower2", 0 0, L_000001e918f0fd70;  1 drivers
v000001e918f00970_0 .net "upper1", 0 0, L_000001e918f0f7c0;  1 drivers
v000001e918f00e70_0 .net "z", 0 0, L_000001e918f0f9f0;  1 drivers
S_000001e918f013f0 .scope module, "mine[11]" "yAdder1" 3 9, 4 1 0, S_000001e918f4db70;
 .timescale 0 0;
    .port_info 0 /OUTPUT 1 "z";
    .port_info 1 /OUTPUT 1 "cout";
    .port_info 2 /INPUT 1 "a";
    .port_info 3 /INPUT 1 "b";
    .port_info 4 /INPUT 1 "cin";
L_000001e918f0f360 .functor XOR 1, L_000001e918f08510, L_000001e918f53600, C4<0>, C4<0>;
L_000001e918f0f3d0 .functor XOR 1, L_000001e918f50180, L_000001e918f0f360, C4<0>, C4<0>;
L_000001e918f0f050 .functor AND 1, L_000001e918f08510, L_000001e918f53600, C4<1>, C4<1>;
L_000001e918f0f910 .functor AND 1, L_000001e918f0f360, L_000001e918f50180, C4<1>, C4<1>;
L_000001e918f0f440 .functor OR 1, L_000001e918f0f910, L_000001e918f0f050, C4<0>, C4<0>;
v000001e918f003d0_0 .net "a", 0 0, L_000001e918f08510;  1 drivers
v000001e918eff890_0 .net "b", 0 0, L_000001e918f53600;  1 drivers
v000001e918f00f10_0 .net "cin", 0 0, L_000001e918f50180;  1 drivers
v000001e918eff930_0 .net "cout", 0 0, L_000001e918f0f440;  1 drivers
v000001e918f00a10_0 .net "lower1", 0 0, L_000001e918f0f050;  1 drivers
v000001e918eff4d0_0 .net "lower2", 0 0, L_000001e918f0f910;  1 drivers
v000001e918eff9d0_0 .net "upper1", 0 0, L_000001e918f0f360;  1 drivers
v000001e918effa70_0 .net "z", 0 0, L_000001e918f0f3d0;  1 drivers
S_000001e918f01580 .scope module, "mine[12]" "yAdder1" 3 9, 4 1 0, S_000001e918f4db70;
 .timescale 0 0;
    .port_info 0 /OUTPUT 1 "z";
    .port_info 1 /OUTPUT 1 "cout";
    .port_info 2 /INPUT 1 "a";
    .port_info 3 /INPUT 1 "b";
    .port_info 4 /INPUT 1 "cin";
L_000001e918f0f4b0 .functor XOR 1, L_000001e918f086f0, L_000001e918f52ac0, C4<0>, C4<0>;
L_000001e918f0f980 .functor XOR 1, L_000001e918f51d00, L_000001e918f0f4b0, C4<0>, C4<0>;
L_000001e918f0fad0 .functor AND 1, L_000001e918f086f0, L_000001e918f52ac0, C4<1>, C4<1>;
L_000001e918f0efe0 .functor AND 1, L_000001e918f0f4b0, L_000001e918f51d00, C4<1>, C4<1>;
L_000001e918f0fb40 .functor OR 1, L_000001e918f0efe0, L_000001e918f0fad0, C4<0>, C4<0>;
v000001e918f00c90_0 .net "a", 0 0, L_000001e918f086f0;  1 drivers
v000001e918f00bf0_0 .net "b", 0 0, L_000001e918f52ac0;  1 drivers
v000001e918f00650_0 .net "cin", 0 0, L_000001e918f51d00;  1 drivers
v000001e918f00fb0_0 .net "cout", 0 0, L_000001e918f0fb40;  1 drivers
v000001e918f001f0_0 .net "lower1", 0 0, L_000001e918f0fad0;  1 drivers
v000001e918f008d0_0 .net "lower2", 0 0, L_000001e918f0efe0;  1 drivers
v000001e918f00dd0_0 .net "upper1", 0 0, L_000001e918f0f4b0;  1 drivers
v000001e918f00b50_0 .net "z", 0 0, L_000001e918f0f980;  1 drivers
S_000001e918f01710 .scope module, "mine[13]" "yAdder1" 3 9, 4 1 0, S_000001e918f4db70;
 .timescale 0 0;
    .port_info 0 /OUTPUT 1 "z";
    .port_info 1 /OUTPUT 1 "cout";
    .port_info 2 /INPUT 1 "a";
    .port_info 3 /INPUT 1 "b";
    .port_info 4 /INPUT 1 "cin";
L_000001e918f0f130 .functor XOR 1, L_000001e918f08790, L_000001e918f536a0, C4<0>, C4<0>;
L_000001e918f0fd00 .functor XOR 1, L_000001e918f50540, L_000001e918f0f130, C4<0>, C4<0>;
L_000001e918f0fbb0 .functor AND 1, L_000001e918f08790, L_000001e918f536a0, C4<1>, C4<1>;
L_000001e918f0fde0 .functor AND 1, L_000001e918f0f130, L_000001e918f50540, C4<1>, C4<1>;
L_000001e918f0ef70 .functor OR 1, L_000001e918f0fde0, L_000001e918f0fbb0, C4<0>, C4<0>;
v000001e918f01050_0 .net "a", 0 0, L_000001e918f08790;  1 drivers
v000001e918effe30_0 .net "b", 0 0, L_000001e918f536a0;  1 drivers
v000001e918f00010_0 .net "cin", 0 0, L_000001e918f50540;  1 drivers
v000001e918efff70_0 .net "cout", 0 0, L_000001e918f0ef70;  1 drivers
v000001e918effd90_0 .net "lower1", 0 0, L_000001e918f0fbb0;  1 drivers
v000001e918f00470_0 .net "lower2", 0 0, L_000001e918f0fde0;  1 drivers
v000001e918effed0_0 .net "upper1", 0 0, L_000001e918f0f130;  1 drivers
v000001e918f000b0_0 .net "z", 0 0, L_000001e918f0fd00;  1 drivers
S_000001e918f018a0 .scope module, "mine[14]" "yAdder1" 3 9, 4 1 0, S_000001e918f4db70;
 .timescale 0 0;
    .port_info 0 /OUTPUT 1 "z";
    .port_info 1 /OUTPUT 1 "cout";
    .port_info 2 /INPUT 1 "a";
    .port_info 3 /INPUT 1 "b";
    .port_info 4 /INPUT 1 "cin";
L_000001e918f0f1a0 .functor XOR 1, L_000001e918f0a3b0, L_000001e918f53380, C4<0>, C4<0>;
L_000001e918f11070 .functor XOR 1, L_000001e918f504a0, L_000001e918f0f1a0, C4<0>, C4<0>;
L_000001e918f110e0 .functor AND 1, L_000001e918f0a3b0, L_000001e918f53380, C4<1>, C4<1>;
L_000001e918f111c0 .functor AND 1, L_000001e918f0f1a0, L_000001e918f504a0, C4<1>, C4<1>;
L_000001e918f10f90 .functor OR 1, L_000001e918f111c0, L_000001e918f110e0, C4<0>, C4<0>;
v000001e918f01190_0 .net "a", 0 0, L_000001e918f0a3b0;  1 drivers
v000001e918f00150_0 .net "b", 0 0, L_000001e918f53380;  1 drivers
v000001e918f00330_0 .net "cin", 0 0, L_000001e918f504a0;  1 drivers
v000001e918f010f0_0 .net "cout", 0 0, L_000001e918f10f90;  1 drivers
v000001e918eff7f0_0 .net "lower1", 0 0, L_000001e918f110e0;  1 drivers
v000001e918f01230_0 .net "lower2", 0 0, L_000001e918f111c0;  1 drivers
v000001e918f012d0_0 .net "upper1", 0 0, L_000001e918f0f1a0;  1 drivers
v000001e918f00290_0 .net "z", 0 0, L_000001e918f11070;  1 drivers
S_000001e918f023e0 .scope module, "mine[15]" "yAdder1" 3 9, 4 1 0, S_000001e918f4db70;
 .timescale 0 0;
    .port_info 0 /OUTPUT 1 "z";
    .port_info 1 /OUTPUT 1 "cout";
    .port_info 2 /INPUT 1 "a";
    .port_info 3 /INPUT 1 "b";
    .port_info 4 /INPUT 1 "cin";
L_000001e918f11a10 .functor XOR 1, L_000001e918f0a270, L_000001e918f52e80, C4<0>, C4<0>;
L_000001e918f11000 .functor XOR 1, L_000001e918f51da0, L_000001e918f11a10, C4<0>, C4<0>;
L_000001e918f11a80 .functor AND 1, L_000001e918f0a270, L_000001e918f52e80, C4<1>, C4<1>;
L_000001e918f11af0 .functor AND 1, L_000001e918f11a10, L_000001e918f51da0, C4<1>, C4<1>;
L_000001e918f11380 .functor OR 1, L_000001e918f11af0, L_000001e918f11a80, C4<0>, C4<0>;
v000001e918f00510_0 .net "a", 0 0, L_000001e918f0a270;  1 drivers
v000001e918f005b0_0 .net "b", 0 0, L_000001e918f52e80;  1 drivers
v000001e918eff430_0 .net "cin", 0 0, L_000001e918f51da0;  1 drivers
v000001e918eff750_0 .net "cout", 0 0, L_000001e918f11380;  1 drivers
v000001e918f006f0_0 .net "lower1", 0 0, L_000001e918f11a80;  1 drivers
v000001e918eff570_0 .net "lower2", 0 0, L_000001e918f11af0;  1 drivers
v000001e918effb10_0 .net "upper1", 0 0, L_000001e918f11a10;  1 drivers
v000001e918eff610_0 .net "z", 0 0, L_000001e918f11000;  1 drivers
S_000001e918f01da0 .scope module, "mine[16]" "yAdder1" 3 9, 4 1 0, S_000001e918f4db70;
 .timescale 0 0;
    .port_info 0 /OUTPUT 1 "z";
    .port_info 1 /OUTPUT 1 "cout";
    .port_info 2 /INPUT 1 "a";
    .port_info 3 /INPUT 1 "b";
    .port_info 4 /INPUT 1 "cin";
L_000001e918f119a0 .functor XOR 1, L_000001e918f090f0, L_000001e918f52a20, C4<0>, C4<0>;
L_000001e918f11460 .functor XOR 1, L_000001e918f518a0, L_000001e918f119a0, C4<0>, C4<0>;
L_000001e918f11310 .functor AND 1, L_000001e918f090f0, L_000001e918f52a20, C4<1>, C4<1>;
L_000001e918f113f0 .functor AND 1, L_000001e918f119a0, L_000001e918f518a0, C4<1>, C4<1>;
L_000001e918f11c40 .functor OR 1, L_000001e918f113f0, L_000001e918f11310, C4<0>, C4<0>;
v000001e918effbb0_0 .net "a", 0 0, L_000001e918f090f0;  1 drivers
v000001e918effc50_0 .net "b", 0 0, L_000001e918f52a20;  1 drivers
v000001e918effcf0_0 .net "cin", 0 0, L_000001e918f518a0;  1 drivers
v000001e918f00ab0_0 .net "cout", 0 0, L_000001e918f11c40;  1 drivers
v000001e918f00790_0 .net "lower1", 0 0, L_000001e918f11310;  1 drivers
v000001e918f00830_0 .net "lower2", 0 0, L_000001e918f113f0;  1 drivers
v000001e918ea1300_0 .net "upper1", 0 0, L_000001e918f119a0;  1 drivers
v000001e918ea1bc0_0 .net "z", 0 0, L_000001e918f11460;  1 drivers
S_000001e918f02250 .scope module, "mine[17]" "yAdder1" 3 9, 4 1 0, S_000001e918f4db70;
 .timescale 0 0;
    .port_info 0 /OUTPUT 1 "z";
    .port_info 1 /OUTPUT 1 "cout";
    .port_info 2 /INPUT 1 "a";
    .port_info 3 /INPUT 1 "b";
    .port_info 4 /INPUT 1 "cin";
L_000001e918f11150 .functor XOR 1, L_000001e918f09550, L_000001e918f53ec0, C4<0>, C4<0>;
L_000001e918f11620 .functor XOR 1, L_000001e918f50720, L_000001e918f11150, C4<0>, C4<0>;
L_000001e918f114d0 .functor AND 1, L_000001e918f09550, L_000001e918f53ec0, C4<1>, C4<1>;
L_000001e918f11540 .functor AND 1, L_000001e918f11150, L_000001e918f50720, C4<1>, C4<1>;
L_000001e918f11d90 .functor OR 1, L_000001e918f11540, L_000001e918f114d0, C4<0>, C4<0>;
v000001e918ea1da0_0 .net "a", 0 0, L_000001e918f09550;  1 drivers
v000001e918ea16c0_0 .net "b", 0 0, L_000001e918f53ec0;  1 drivers
v000001e918ea14e0_0 .net "cin", 0 0, L_000001e918f50720;  1 drivers
v000001e918ea18a0_0 .net "cout", 0 0, L_000001e918f11d90;  1 drivers
v000001e918ea13a0_0 .net "lower1", 0 0, L_000001e918f114d0;  1 drivers
v000001e918ea1c60_0 .net "lower2", 0 0, L_000001e918f11540;  1 drivers
v000001e918ea1f80_0 .net "upper1", 0 0, L_000001e918f11150;  1 drivers
v000001e918ea1e40_0 .net "z", 0 0, L_000001e918f11620;  1 drivers
S_000001e918f01a80 .scope module, "mine[18]" "yAdder1" 3 9, 4 1 0, S_000001e918f4db70;
 .timescale 0 0;
    .port_info 0 /OUTPUT 1 "z";
    .port_info 1 /OUTPUT 1 "cout";
    .port_info 2 /INPUT 1 "a";
    .port_info 3 /INPUT 1 "b";
    .port_info 4 /INPUT 1 "cin";
L_000001e918f11b60 .functor XOR 1, L_000001e918f07f70, L_000001e918f53ce0, C4<0>, C4<0>;
L_000001e918f115b0 .functor XOR 1, L_000001e918f51440, L_000001e918f11b60, C4<0>, C4<0>;
L_000001e918f11690 .functor AND 1, L_000001e918f07f70, L_000001e918f53ce0, C4<1>, C4<1>;
L_000001e918f11700 .functor AND 1, L_000001e918f11b60, L_000001e918f51440, C4<1>, C4<1>;
L_000001e918f11770 .functor OR 1, L_000001e918f11700, L_000001e918f11690, C4<0>, C4<0>;
v000001e918ea1440_0 .net "a", 0 0, L_000001e918f07f70;  1 drivers
v000001e918ea1580_0 .net "b", 0 0, L_000001e918f53ce0;  1 drivers
v000001e918ea1a80_0 .net "cin", 0 0, L_000001e918f51440;  1 drivers
v000001e918ea1620_0 .net "cout", 0 0, L_000001e918f11770;  1 drivers
v000001e918ea1d00_0 .net "lower1", 0 0, L_000001e918f11690;  1 drivers
v000001e918ea1ee0_0 .net "lower2", 0 0, L_000001e918f11700;  1 drivers
v000001e918ea1b20_0 .net "upper1", 0 0, L_000001e918f11b60;  1 drivers
v000001e918ea1080_0 .net "z", 0 0, L_000001e918f115b0;  1 drivers
S_000001e918f01c10 .scope module, "mine[19]" "yAdder1" 3 9, 4 1 0, S_000001e918f4db70;
 .timescale 0 0;
    .port_info 0 /OUTPUT 1 "z";
    .port_info 1 /OUTPUT 1 "cout";
    .port_info 2 /INPUT 1 "a";
    .port_info 3 /INPUT 1 "b";
    .port_info 4 /INPUT 1 "cin";
L_000001e918f117e0 .functor XOR 1, L_000001e918f09f50, L_000001e918f53880, C4<0>, C4<0>;
L_000001e918f11230 .functor XOR 1, L_000001e918f50680, L_000001e918f117e0, C4<0>, C4<0>;
L_000001e918f118c0 .functor AND 1, L_000001e918f09f50, L_000001e918f53880, C4<1>, C4<1>;
L_000001e918f112a0 .functor AND 1, L_000001e918f117e0, L_000001e918f50680, C4<1>, C4<1>;
L_000001e918f11d20 .functor OR 1, L_000001e918f112a0, L_000001e918f118c0, C4<0>, C4<0>;
v000001e918ea1120_0 .net "a", 0 0, L_000001e918f09f50;  1 drivers
v000001e918ea1760_0 .net "b", 0 0, L_000001e918f53880;  1 drivers
v000001e918ea11c0_0 .net "cin", 0 0, L_000001e918f50680;  1 drivers
v000001e918ea1800_0 .net "cout", 0 0, L_000001e918f11d20;  1 drivers
v000001e918ea1260_0 .net "lower1", 0 0, L_000001e918f118c0;  1 drivers
v000001e918ea1940_0 .net "lower2", 0 0, L_000001e918f112a0;  1 drivers
v000001e918ea19e0_0 .net "upper1", 0 0, L_000001e918f117e0;  1 drivers
v000001e918f036b0_0 .net "z", 0 0, L_000001e918f11230;  1 drivers
S_000001e918f02570 .scope module, "mine[20]" "yAdder1" 3 9, 4 1 0, S_000001e918f4db70;
 .timescale 0 0;
    .port_info 0 /OUTPUT 1 "z";
    .port_info 1 /OUTPUT 1 "cout";
    .port_info 2 /INPUT 1 "a";
    .port_info 3 /INPUT 1 "b";
    .port_info 4 /INPUT 1 "cin";
L_000001e918f11bd0 .functor XOR 1, L_000001e918f08330, L_000001e918f53920, C4<0>, C4<0>;
L_000001e918f11cb0 .functor XOR 1, L_000001e918f527a0, L_000001e918f11bd0, C4<0>, C4<0>;
L_000001e918f11850 .functor AND 1, L_000001e918f08330, L_000001e918f53920, C4<1>, C4<1>;
L_000001e918f11930 .functor AND 1, L_000001e918f11bd0, L_000001e918f527a0, C4<1>, C4<1>;
L_000001e918f11e00 .functor OR 1, L_000001e918f11930, L_000001e918f11850, C4<0>, C4<0>;
v000001e918f03b10_0 .net "a", 0 0, L_000001e918f08330;  1 drivers
v000001e918f040b0_0 .net "b", 0 0, L_000001e918f53920;  1 drivers
v000001e918f02f30_0 .net "cin", 0 0, L_000001e918f527a0;  1 drivers
v000001e918f03430_0 .net "cout", 0 0, L_000001e918f11e00;  1 drivers
v000001e918f04790_0 .net "lower1", 0 0, L_000001e918f11850;  1 drivers
v000001e918f03610_0 .net "lower2", 0 0, L_000001e918f11930;  1 drivers
v000001e918f048d0_0 .net "upper1", 0 0, L_000001e918f11bd0;  1 drivers
v000001e918f03250_0 .net "z", 0 0, L_000001e918f11cb0;  1 drivers
S_000001e918f01f30 .scope module, "mine[21]" "yAdder1" 3 9, 4 1 0, S_000001e918f4db70;
 .timescale 0 0;
    .port_info 0 /OUTPUT 1 "z";
    .port_info 1 /OUTPUT 1 "cout";
    .port_info 2 /INPUT 1 "a";
    .port_info 3 /INPUT 1 "b";
    .port_info 4 /INPUT 1 "cin";
L_000001e918f10f20 .functor XOR 1, L_000001e918f09690, L_000001e918f52c00, C4<0>, C4<0>;
L_000001e918f13100 .functor XOR 1, L_000001e918f51940, L_000001e918f10f20, C4<0>, C4<0>;
L_000001e918f13250 .functor AND 1, L_000001e918f09690, L_000001e918f52c00, C4<1>, C4<1>;
L_000001e918f133a0 .functor AND 1, L_000001e918f10f20, L_000001e918f51940, C4<1>, C4<1>;
L_000001e918f13330 .functor OR 1, L_000001e918f133a0, L_000001e918f13250, C4<0>, C4<0>;
v000001e918f03e30_0 .net "a", 0 0, L_000001e918f09690;  1 drivers
v000001e918f04150_0 .net "b", 0 0, L_000001e918f52c00;  1 drivers
v000001e918f032f0_0 .net "cin", 0 0, L_000001e918f51940;  1 drivers
v000001e918f02fd0_0 .net "cout", 0 0, L_000001e918f13330;  1 drivers
v000001e918f03ed0_0 .net "lower1", 0 0, L_000001e918f13250;  1 drivers
v000001e918f045b0_0 .net "lower2", 0 0, L_000001e918f133a0;  1 drivers
v000001e918f03cf0_0 .net "upper1", 0 0, L_000001e918f10f20;  1 drivers
v000001e918f04b50_0 .net "z", 0 0, L_000001e918f13100;  1 drivers
S_000001e918f020c0 .scope module, "mine[22]" "yAdder1" 3 9, 4 1 0, S_000001e918f4db70;
 .timescale 0 0;
    .port_info 0 /OUTPUT 1 "z";
    .port_info 1 /OUTPUT 1 "cout";
    .port_info 2 /INPUT 1 "a";
    .port_info 3 /INPUT 1 "b";
    .port_info 4 /INPUT 1 "cin";
L_000001e918f13cd0 .functor XOR 1, L_000001e918f0a310, L_000001e918f52de0, C4<0>, C4<0>;
L_000001e918f135d0 .functor XOR 1, L_000001e918f52340, L_000001e918f13cd0, C4<0>, C4<0>;
L_000001e918f13a30 .functor AND 1, L_000001e918f0a310, L_000001e918f52de0, C4<1>, C4<1>;
L_000001e918f13aa0 .functor AND 1, L_000001e918f13cd0, L_000001e918f52340, C4<1>, C4<1>;
L_000001e918f139c0 .functor OR 1, L_000001e918f13aa0, L_000001e918f13a30, C4<0>, C4<0>;
v000001e918f03750_0 .net "a", 0 0, L_000001e918f0a310;  1 drivers
v000001e918f04bf0_0 .net "b", 0 0, L_000001e918f52de0;  1 drivers
v000001e918f046f0_0 .net "cin", 0 0, L_000001e918f52340;  1 drivers
v000001e918f04650_0 .net "cout", 0 0, L_000001e918f139c0;  1 drivers
v000001e918f04330_0 .net "lower1", 0 0, L_000001e918f13a30;  1 drivers
v000001e918f03070_0 .net "lower2", 0 0, L_000001e918f13aa0;  1 drivers
v000001e918f03570_0 .net "upper1", 0 0, L_000001e918f13cd0;  1 drivers
v000001e918f039d0_0 .net "z", 0 0, L_000001e918f135d0;  1 drivers
S_000001e918f02700 .scope module, "mine[23]" "yAdder1" 3 9, 4 1 0, S_000001e918f4db70;
 .timescale 0 0;
    .port_info 0 /OUTPUT 1 "z";
    .port_info 1 /OUTPUT 1 "cout";
    .port_info 2 /INPUT 1 "a";
    .port_info 3 /INPUT 1 "b";
    .port_info 4 /INPUT 1 "cin";
L_000001e918f13b10 .functor XOR 1, L_000001e918f080b0, L_000001e918f53b00, C4<0>, C4<0>;
L_000001e918f13bf0 .functor XOR 1, L_000001e918f507c0, L_000001e918f13b10, C4<0>, C4<0>;
L_000001e918f13090 .functor AND 1, L_000001e918f080b0, L_000001e918f53b00, C4<1>, C4<1>;
L_000001e918f13db0 .functor AND 1, L_000001e918f13b10, L_000001e918f507c0, C4<1>, C4<1>;
L_000001e918f131e0 .functor OR 1, L_000001e918f13db0, L_000001e918f13090, C4<0>, C4<0>;
v000001e918f04830_0 .net "a", 0 0, L_000001e918f080b0;  1 drivers
v000001e918f04c90_0 .net "b", 0 0, L_000001e918f53b00;  1 drivers
v000001e918f034d0_0 .net "cin", 0 0, L_000001e918f507c0;  1 drivers
v000001e918f04970_0 .net "cout", 0 0, L_000001e918f131e0;  1 drivers
v000001e918f04a10_0 .net "lower1", 0 0, L_000001e918f13090;  1 drivers
v000001e918f03f70_0 .net "lower2", 0 0, L_000001e918f13db0;  1 drivers
v000001e918f03390_0 .net "upper1", 0 0, L_000001e918f13b10;  1 drivers
v000001e918f04010_0 .net "z", 0 0, L_000001e918f13bf0;  1 drivers
S_000001e918f02890 .scope module, "mine[24]" "yAdder1" 3 9, 4 1 0, S_000001e918f4db70;
 .timescale 0 0;
    .port_info 0 /OUTPUT 1 "z";
    .port_info 1 /OUTPUT 1 "cout";
    .port_info 2 /INPUT 1 "a";
    .port_info 3 /INPUT 1 "b";
    .port_info 4 /INPUT 1 "cin";
L_000001e918f13b80 .functor XOR 1, L_000001e918f0a630, L_000001e918f52f20, C4<0>, C4<0>;
L_000001e918f12fb0 .functor XOR 1, L_000001e918f52840, L_000001e918f13b80, C4<0>, C4<0>;
L_000001e918f13c60 .functor AND 1, L_000001e918f0a630, L_000001e918f52f20, C4<1>, C4<1>;
L_000001e918f132c0 .functor AND 1, L_000001e918f13b80, L_000001e918f52840, C4<1>, C4<1>;
L_000001e918f13800 .functor OR 1, L_000001e918f132c0, L_000001e918f13c60, C4<0>, C4<0>;
v000001e918f03930_0 .net "a", 0 0, L_000001e918f0a630;  1 drivers
v000001e918f037f0_0 .net "b", 0 0, L_000001e918f52f20;  1 drivers
v000001e918f03110_0 .net "cin", 0 0, L_000001e918f52840;  1 drivers
v000001e918f031b0_0 .net "cout", 0 0, L_000001e918f13800;  1 drivers
v000001e918f02e90_0 .net "lower1", 0 0, L_000001e918f13c60;  1 drivers
v000001e918f03890_0 .net "lower2", 0 0, L_000001e918f132c0;  1 drivers
v000001e918f03a70_0 .net "upper1", 0 0, L_000001e918f13b80;  1 drivers
v000001e918f041f0_0 .net "z", 0 0, L_000001e918f12fb0;  1 drivers
S_000001e918f07170 .scope module, "mine[25]" "yAdder1" 3 9, 4 1 0, S_000001e918f4db70;
 .timescale 0 0;
    .port_info 0 /OUTPUT 1 "z";
    .port_info 1 /OUTPUT 1 "cout";
    .port_info 2 /INPUT 1 "a";
    .port_info 3 /INPUT 1 "b";
    .port_info 4 /INPUT 1 "cin";
L_000001e918f13410 .functor XOR 1, L_000001e918f08b50, L_000001e918f52b60, C4<0>, C4<0>;
L_000001e918f13d40 .functor XOR 1, L_000001e918f50860, L_000001e918f13410, C4<0>, C4<0>;
L_000001e918f134f0 .functor AND 1, L_000001e918f08b50, L_000001e918f52b60, C4<1>, C4<1>;
L_000001e918f13640 .functor AND 1, L_000001e918f13410, L_000001e918f50860, C4<1>, C4<1>;
L_000001e918f13870 .functor OR 1, L_000001e918f13640, L_000001e918f134f0, C4<0>, C4<0>;
v000001e918f04ab0_0 .net "a", 0 0, L_000001e918f08b50;  1 drivers
v000001e918f04d30_0 .net "b", 0 0, L_000001e918f52b60;  1 drivers
v000001e918f043d0_0 .net "cin", 0 0, L_000001e918f50860;  1 drivers
v000001e918f03bb0_0 .net "cout", 0 0, L_000001e918f13870;  1 drivers
v000001e918f03c50_0 .net "lower1", 0 0, L_000001e918f134f0;  1 drivers
v000001e918f04290_0 .net "lower2", 0 0, L_000001e918f13640;  1 drivers
v000001e918f04470_0 .net "upper1", 0 0, L_000001e918f13410;  1 drivers
v000001e918f03d90_0 .net "z", 0 0, L_000001e918f13d40;  1 drivers
S_000001e918f06cc0 .scope module, "mine[26]" "yAdder1" 3 9, 4 1 0, S_000001e918f4db70;
 .timescale 0 0;
    .port_info 0 /OUTPUT 1 "z";
    .port_info 1 /OUTPUT 1 "cout";
    .port_info 2 /INPUT 1 "a";
    .port_info 3 /INPUT 1 "b";
    .port_info 4 /INPUT 1 "cin";
L_000001e918f13480 .functor XOR 1, L_000001e918f08d30, L_000001e918f53a60, C4<0>, C4<0>;
L_000001e918f13e20 .functor XOR 1, L_000001e918f51e40, L_000001e918f13480, C4<0>, C4<0>;
L_000001e918f13560 .functor AND 1, L_000001e918f08d30, L_000001e918f53a60, C4<1>, C4<1>;
L_000001e918f13170 .functor AND 1, L_000001e918f13480, L_000001e918f51e40, C4<1>, C4<1>;
L_000001e918f136b0 .functor OR 1, L_000001e918f13170, L_000001e918f13560, C4<0>, C4<0>;
v000001e918f04510_0 .net "a", 0 0, L_000001e918f08d30;  1 drivers
v000001e918f0ad10_0 .net "b", 0 0, L_000001e918f53a60;  1 drivers
v000001e918f0a8b0_0 .net "cin", 0 0, L_000001e918f51e40;  1 drivers
v000001e918f0b3f0_0 .net "cout", 0 0, L_000001e918f136b0;  1 drivers
v000001e918f0aa90_0 .net "lower1", 0 0, L_000001e918f13560;  1 drivers
v000001e918f0bb70_0 .net "lower2", 0 0, L_000001e918f13170;  1 drivers
v000001e918f0ba30_0 .net "upper1", 0 0, L_000001e918f13480;  1 drivers
v000001e918f0a950_0 .net "z", 0 0, L_000001e918f13e20;  1 drivers
S_000001e918f07490 .scope module, "mine[27]" "yAdder1" 3 9, 4 1 0, S_000001e918f4db70;
 .timescale 0 0;
    .port_info 0 /OUTPUT 1 "z";
    .port_info 1 /OUTPUT 1 "cout";
    .port_info 2 /INPUT 1 "a";
    .port_info 3 /INPUT 1 "b";
    .port_info 4 /INPUT 1 "cin";
L_000001e918f13720 .functor XOR 1, L_000001e918f085b0, L_000001e918f52fc0, C4<0>, C4<0>;
L_000001e918f138e0 .functor XOR 1, L_000001e918f51ee0, L_000001e918f13720, C4<0>, C4<0>;
L_000001e918f13950 .functor AND 1, L_000001e918f085b0, L_000001e918f52fc0, C4<1>, C4<1>;
L_000001e918f12f40 .functor AND 1, L_000001e918f13720, L_000001e918f51ee0, C4<1>, C4<1>;
L_000001e918f13020 .functor OR 1, L_000001e918f12f40, L_000001e918f13950, C4<0>, C4<0>;
v000001e918f0a810_0 .net "a", 0 0, L_000001e918f085b0;  1 drivers
v000001e918f0aef0_0 .net "b", 0 0, L_000001e918f52fc0;  1 drivers
v000001e918f0b670_0 .net "cin", 0 0, L_000001e918f51ee0;  1 drivers
v000001e918f0b350_0 .net "cout", 0 0, L_000001e918f13020;  1 drivers
v000001e918f0adb0_0 .net "lower1", 0 0, L_000001e918f13950;  1 drivers
v000001e918f0bad0_0 .net "lower2", 0 0, L_000001e918f12f40;  1 drivers
v000001e918f0a6d0_0 .net "upper1", 0 0, L_000001e918f13720;  1 drivers
v000001e918f0bc10_0 .net "z", 0 0, L_000001e918f138e0;  1 drivers
S_000001e918f06e50 .scope module, "mine[28]" "yAdder1" 3 9, 4 1 0, S_000001e918f4db70;
 .timescale 0 0;
    .port_info 0 /OUTPUT 1 "z";
    .port_info 1 /OUTPUT 1 "cout";
    .port_info 2 /INPUT 1 "a";
    .port_info 3 /INPUT 1 "b";
    .port_info 4 /INPUT 1 "cin";
L_000001e918f13790 .functor XOR 1, L_000001e918f08290, L_000001e918f53100, C4<0>, C4<0>;
L_000001e918f160b0 .functor XOR 1, L_000001e918f50f40, L_000001e918f13790, C4<0>, C4<0>;
L_000001e918f16f90 .functor AND 1, L_000001e918f08290, L_000001e918f53100, C4<1>, C4<1>;
L_000001e918f172a0 .functor AND 1, L_000001e918f13790, L_000001e918f50f40, C4<1>, C4<1>;
L_000001e918f178c0 .functor OR 1, L_000001e918f172a0, L_000001e918f16f90, C4<0>, C4<0>;
v000001e918f0b530_0 .net "a", 0 0, L_000001e918f08290;  1 drivers
v000001e918f0a770_0 .net "b", 0 0, L_000001e918f53100;  1 drivers
v000001e918f0bcb0_0 .net "cin", 0 0, L_000001e918f50f40;  1 drivers
v000001e918f0ab30_0 .net "cout", 0 0, L_000001e918f178c0;  1 drivers
v000001e918f0ae50_0 .net "lower1", 0 0, L_000001e918f16f90;  1 drivers
v000001e918f0af90_0 .net "lower2", 0 0, L_000001e918f172a0;  1 drivers
v000001e918f0b990_0 .net "upper1", 0 0, L_000001e918f13790;  1 drivers
v000001e918f0bd50_0 .net "z", 0 0, L_000001e918f160b0;  1 drivers
S_000001e918f06680 .scope module, "mine[29]" "yAdder1" 3 9, 4 1 0, S_000001e918f4db70;
 .timescale 0 0;
    .port_info 0 /OUTPUT 1 "z";
    .port_info 1 /OUTPUT 1 "cout";
    .port_info 2 /INPUT 1 "a";
    .port_info 3 /INPUT 1 "b";
    .port_info 4 /INPUT 1 "cin";
L_000001e918f16d60 .functor XOR 1, L_000001e918f08e70, L_000001e918f53f60, C4<0>, C4<0>;
L_000001e918f17930 .functor XOR 1, L_000001e918f50220, L_000001e918f16d60, C4<0>, C4<0>;
L_000001e918f16120 .functor AND 1, L_000001e918f08e70, L_000001e918f53f60, C4<1>, C4<1>;
L_000001e918f17150 .functor AND 1, L_000001e918f16d60, L_000001e918f50220, C4<1>, C4<1>;
L_000001e918f16510 .functor OR 1, L_000001e918f17150, L_000001e918f16120, C4<0>, C4<0>;
v000001e918f0b710_0 .net "a", 0 0, L_000001e918f08e70;  1 drivers
v000001e918f0a9f0_0 .net "b", 0 0, L_000001e918f53f60;  1 drivers
v000001e918f0b5d0_0 .net "cin", 0 0, L_000001e918f50220;  1 drivers
v000001e918f0ac70_0 .net "cout", 0 0, L_000001e918f16510;  1 drivers
v000001e918f0b7b0_0 .net "lower1", 0 0, L_000001e918f16120;  1 drivers
v000001e918f0abd0_0 .net "lower2", 0 0, L_000001e918f17150;  1 drivers
v000001e918f0b8f0_0 .net "upper1", 0 0, L_000001e918f16d60;  1 drivers
v000001e918f0b030_0 .net "z", 0 0, L_000001e918f17930;  1 drivers
S_000001e918f06810 .scope module, "mine[30]" "yAdder1" 3 9, 4 1 0, S_000001e918f4db70;
 .timescale 0 0;
    .port_info 0 /OUTPUT 1 "z";
    .port_info 1 /OUTPUT 1 "cout";
    .port_info 2 /INPUT 1 "a";
    .port_info 3 /INPUT 1 "b";
    .port_info 4 /INPUT 1 "cin";
L_000001e918f15fd0 .functor XOR 1, L_000001e918f09190, L_000001e918f53060, C4<0>, C4<0>;
L_000001e918f179a0 .functor XOR 1, L_000001e918f502c0, L_000001e918f15fd0, C4<0>, C4<0>;
L_000001e918f16ba0 .functor AND 1, L_000001e918f09190, L_000001e918f53060, C4<1>, C4<1>;
L_000001e918f16190 .functor AND 1, L_000001e918f15fd0, L_000001e918f502c0, C4<1>, C4<1>;
L_000001e918f164a0 .functor OR 1, L_000001e918f16190, L_000001e918f16ba0, C4<0>, C4<0>;
v000001e918f0b2b0_0 .net "a", 0 0, L_000001e918f09190;  1 drivers
v000001e918f0b850_0 .net "b", 0 0, L_000001e918f53060;  1 drivers
v000001e918f0b0d0_0 .net "cin", 0 0, L_000001e918f502c0;  1 drivers
v000001e918f0b170_0 .net "cout", 0 0, L_000001e918f164a0;  1 drivers
v000001e918f0b210_0 .net "lower1", 0 0, L_000001e918f16ba0;  1 drivers
v000001e918f0b490_0 .net "lower2", 0 0, L_000001e918f16190;  1 drivers
v000001e918f08f10_0 .net "upper1", 0 0, L_000001e918f15fd0;  1 drivers
v000001e918f08dd0_0 .net "z", 0 0, L_000001e918f179a0;  1 drivers
S_000001e918f069a0 .scope module, "mine[31]" "yAdder1" 3 9, 4 1 0, S_000001e918f4db70;
 .timescale 0 0;
    .port_info 0 /OUTPUT 1 "z";
    .port_info 1 /OUTPUT 1 "cout";
    .port_info 2 /INPUT 1 "a";
    .port_info 3 /INPUT 1 "b";
    .port_info 4 /INPUT 1 "cin";
L_000001e918f16200 .functor XOR 1, L_000001e918f094b0, L_000001e918f539c0, C4<0>, C4<0>;
L_000001e918f17770 .functor XOR 1, L_000001e918f505e0, L_000001e918f16200, C4<0>, C4<0>;
L_000001e918f16580 .functor AND 1, L_000001e918f094b0, L_000001e918f539c0, C4<1>, C4<1>;
L_000001e918f16740 .functor AND 1, L_000001e918f16200, L_000001e918f505e0, C4<1>, C4<1>;
L_000001e918f175b0 .functor OR 1, L_000001e918f16740, L_000001e918f16580, C4<0>, C4<0>;
v000001e918f08a10_0 .net "a", 0 0, L_000001e918f094b0;  1 drivers
v000001e918f083d0_0 .net "b", 0 0, L_000001e918f539c0;  1 drivers
v000001e918f09cd0_0 .net "cin", 0 0, L_000001e918f505e0;  1 drivers
v000001e918f0a130_0 .net "cout", 0 0, L_000001e918f175b0;  1 drivers
v000001e918f081f0_0 .net "lower1", 0 0, L_000001e918f16580;  1 drivers
v000001e918f088d0_0 .net "lower2", 0 0, L_000001e918f16740;  1 drivers
v000001e918f092d0_0 .net "upper1", 0 0, L_000001e918f16200;  1 drivers
v000001e918f08c90_0 .net "z", 0 0, L_000001e918f17770;  1 drivers
    .scope S_000001e918f4d9e0;
T_0 ;
    %pushi/vec4 10, 0, 32;
T_0.0 %dup/vec4;
    %pushi/vec4 0, 0, 32;
    %cmp/s;
    %jmp/1xz T_0.1, 5;
    %jmp/1 T_0.1, 4;
    %pushi/vec4 1, 0, 32;
    %sub;
    %vpi_func 2 14 "$random" 32 {0 0 0};
    %store/vec4 v000001e918f09e10_0, 0, 32;
    %vpi_func 2 15 "$random" 32 {0 0 0};
    %store/vec4 v000001e918f09370_0, 0, 32;
    %pushi/vec4 0, 0, 1;
    %store/vec4 v000001e918f08010_0, 0, 1;
    %load/vec4 v000001e918f09e10_0;
    %load/vec4 v000001e918f09370_0;
    %add;
    %load/vec4 v000001e918f08010_0;
    %pad/u 32;
    %add;
    %store/vec4 v000001e918f09eb0_0, 0, 32;
    %delay 1, 0;
    %load/vec4 v000001e918f09eb0_0;
    %load/vec4 v000001e918f0a450_0;
    %cmp/e;
    %jmp/0xz  T_0.2, 6;
    %vpi_call 2 22 "$display", "PASS: a = %d b = %d cin = %d z = %d cout = %d", v000001e918f09e10_0, v000001e918f09370_0, v000001e918f08010_0, v000001e918f0a450_0, v000001e918f09af0_0 {0 0 0};
    %jmp T_0.3;
T_0.2 ;
    %vpi_call 2 26 "$display", "FAIL: a = %b b = %b cin = %b z = %b cout = %b", v000001e918f09e10_0, v000001e918f09370_0, v000001e918f08010_0, v000001e918f0a450_0, v000001e918f09af0_0 {0 0 0};
T_0.3 ;
    %jmp T_0.0;
T_0.1 ;
    %pop/vec4 1;
    %vpi_call 2 31 "$finish" {0 0 0};
    %end;
    .thread T_0;
# The file index is used to find the file name in the following table.
:file_names 5;
    "N/A";
    "<interactive>";
    "LabL6.v";
    "yAdder.v";
    "yAdder1.v";
