#! /cs/local/bin/vvp
:ivl_version "10.3 (stable)" "(v10_3)";
:ivl_delay_selection "TYPICAL";
:vpi_time_precision + 0;
:vpi_module "system";
:vpi_module "vhdl_sys";
:vpi_module "v2005_math";
:vpi_module "va_math";
S_0x13e8d00 .scope module, "labK" "labK" 2 4;
 .timescale 0 0;
L_0x14681f0 .functor XOR 1, v0x14676c0_0, v0x13e8e80_0, C4<0>, C4<0>;
L_0x1468280 .functor AND 1, v0x14676c0_0, v0x13e8e80_0, C4<1>, C4<1>;
L_0x1468370 .functor XOR 1, v0x1467780_0, L_0x14681f0, C4<0>, C4<0>;
L_0x1468430 .functor AND 1, L_0x14681f0, v0x1467780_0, C4<1>, C4<1>;
L_0x1468520 .functor OR 1, L_0x1468430, L_0x1468280, C4<0>, C4<0>;
L_0x1468630 .functor BUFZ 1, L_0x14681f0, C4<0>, C4<0>, C4<0>;
L_0x1468770 .functor BUFZ 1, L_0x1468280, C4<0>, C4<0>, C4<0>;
L_0x14687e0 .functor BUFZ 1, L_0x1468430, C4<0>, C4<0>, C4<0>;
v0x13e8e80_0 .var "a", 0 0;
v0x14676c0_0 .var "b", 0 0;
v0x1467780_0 .var "cin", 0 0;
v0x1467820_0 .net "cout", 0 0, L_0x1468520;  1 drivers
v0x14678e0_0 .var "expect", 1 0;
v0x1467a10_0 .var/i "i", 31 0;
v0x1467af0_0 .var/i "j", 31 0;
v0x1467bd0_0 .var/i "k", 31 0;
v0x1467cb0_0 .net "lowerInput1", 0 0, L_0x1468630;  1 drivers
v0x1467d70_0 .net "lowerInput2", 0 0, L_0x1468770;  1 drivers
v0x1467e30_0 .net "notOutput1", 0 0, L_0x14681f0;  1 drivers
v0x1467ef0_0 .net "notOutput2", 0 0, L_0x1468280;  1 drivers
v0x1467fb0_0 .net "notOutput3", 0 0, L_0x1468430;  1 drivers
v0x1468070_0 .net "upperInput1", 0 0, L_0x14687e0;  1 drivers
v0x1468130_0 .net "z", 0 0, L_0x1468370;  1 drivers
    .scope S_0x13e8d00;
T_0 ;
    %pushi/vec4 0, 0, 32;
    %store/vec4 v0x1467a10_0, 0, 32;
T_0.0 ;
    %load/vec4 v0x1467a10_0;
    %cmpi/s 2, 0, 32;
    %jmp/0xz T_0.1, 5;
    %pushi/vec4 0, 0, 32;
    %store/vec4 v0x1467af0_0, 0, 32;
T_0.2 ;
    %load/vec4 v0x1467af0_0;
    %cmpi/s 2, 0, 32;
    %jmp/0xz T_0.3, 5;
    %pushi/vec4 0, 0, 32;
    %store/vec4 v0x1467bd0_0, 0, 32;
T_0.4 ;
    %load/vec4 v0x1467bd0_0;
    %cmpi/s 2, 0, 32;
    %jmp/0xz T_0.5, 5;
    %load/vec4 v0x1467a10_0;
    %pad/s 1;
    %store/vec4 v0x13e8e80_0, 0, 1;
    %load/vec4 v0x1467af0_0;
    %pad/s 1;
    %store/vec4 v0x14676c0_0, 0, 1;
    %load/vec4 v0x1467bd0_0;
    %pad/s 1;
    %store/vec4 v0x1467780_0, 0, 1;
    %load/vec4 v0x14676c0_0;
    %load/vec4 v0x13e8e80_0;
    %xor;
    %load/vec4 v0x1467780_0;
    %xor;
    %ix/load 4, 0, 0;
    %flag_set/imm 4, 0;
    %store/vec4 v0x14678e0_0, 4, 1;
    %load/vec4 v0x14676c0_0;
    %load/vec4 v0x13e8e80_0;
    %xor;
    %load/vec4 v0x1467780_0;
    %and;
    %load/vec4 v0x14676c0_0;
    %load/vec4 v0x13e8e80_0;
    %and;
    %or;
    %ix/load 4, 1, 0;
    %flag_set/imm 4, 0;
    %store/vec4 v0x14678e0_0, 4, 1;
    %load/vec4 v0x14678e0_0;
    %parti/s 1, 0, 2;
    %load/vec4 v0x1468130_0;
    %cmp/e;
    %flag_get/vec4 6;
    %load/vec4 v0x14678e0_0;
    %parti/s 1, 1, 2;
    %load/vec4 v0x1467820_0;
    %cmp/e;
    %flag_get/vec4 6;
    %and;
    %flag_set/vec4 8;
    %jmp/0xz  T_0.6, 8;
    %delay 1, 0;
    %vpi_call 2 35 "$display", "PASS: a = %b b = %b cin = %b z = %b", v0x13e8e80_0, v0x14676c0_0, v0x1467780_0, v0x1468130_0 {0 0 0};
    %vpi_call 2 36 "$finish" {0 0 0};
    %jmp T_0.7;
T_0.6 ;
    %delay 1, 0;
    %vpi_call 2 40 "$display", "PASS: a = %b b = %b cin = %b z = %b", v0x13e8e80_0, v0x14676c0_0, v0x1467780_0, v0x1468130_0 {0 0 0};
    %vpi_call 2 41 "$finish" {0 0 0};
T_0.7 ;
    %load/vec4 v0x1467bd0_0;
    %addi 1, 0, 32;
    %store/vec4 v0x1467bd0_0, 0, 32;
    %jmp T_0.4;
T_0.5 ;
    %load/vec4 v0x1467af0_0;
    %addi 1, 0, 32;
    %store/vec4 v0x1467af0_0, 0, 32;
    %jmp T_0.2;
T_0.3 ;
    %load/vec4 v0x1467a10_0;
    %addi 1, 0, 32;
    %store/vec4 v0x1467a10_0, 0, 32;
    %jmp T_0.0;
T_0.1 ;
    %vpi_call 2 49 "$finish" {0 0 0};
    %end;
    .thread T_0;
# The file index is used to find the file name in the following table.
:file_names 3;
    "N/A";
    "<interactive>";
    "LabK9.v";
